The system is: Windows - 10.0.19045 - AMD64
Compiling the CXX compiler identification source file "CMakeCXXCompilerId.cpp" succeeded.
Compiler: E:/QT/Tools/mingw1120_64/bin/g++.exe 
Build flags: -DQT_QML_DEBUG
Id flags:  

The output was:
0


Compilation of the CXX compiler identification source "CMakeCXXCompilerId.cpp" produced "a.exe"

The CXX compiler identification is GNU, found in "C:/Users/Acasa/Desktop/Uni/Programare/TAP/Proiecte/Qt/build-T3-Desktop_Qt_6_6_0_MinGW_64_bit-Debug/CMakeFiles/3.24.2/CompilerIdCXX/a.exe"

Determining if the CXX compiler works passed with the following output:
Change Dir: C:/Users/Acasa/Desktop/Uni/Programare/TAP/Proiecte/Qt/build-T3-Desktop_Qt_6_6_0_MinGW_64_bit-Debug/CMakeFiles/CMakeTmp

Run Build Command(s):E:/QT/Tools/Ninja/ninja.exe cmTC_39ed3 && [1/2] Building CXX object CMakeFiles/cmTC_39ed3.dir/testCXXCompiler.cxx.obj
[2/2] Linking CXX executable cmTC_39ed3.exe



Performing C++ SOURCE FILE Test CMAKE_HAVE_LIBC_PTHREAD succeeded with the following output:
Change Dir: C:/Users/Acasa/Desktop/Uni/Programare/TAP/Proiecte/Qt/build-T3-Desktop_Qt_6_6_0_MinGW_64_bit-Debug/CMakeFiles/CMakeTmp

Run Build Command(s):E:/QT/Tools/Ninja/ninja.exe cmTC_adb5d && [1/2] Building CXX object CMakeFiles/cmTC_adb5d.dir/src.cxx.obj
[2/2] Linking CXX executable cmTC_adb5d.exe


Source file was:
#include <pthread.h>

static void* test_func(void* data)
{
  return data;
}

int main(void)
{
  pthread_t thread;
  pthread_create(&thread, NULL, test_func, NULL);
  pthread_detach(thread);
  pthread_cancel(thread);
  pthread_join(thread, NULL);
  pthread_atfork(NULL, NULL, NULL);
  pthread_exit(NULL);

  return 0;
}

Performing C++ SOURCE FILE Test HAVE_STDATOMIC succeeded with the following output:
Change Dir: C:/Users/Acasa/Desktop/Uni/Programare/TAP/Proiecte/Qt/build-T3-Desktop_Qt_6_6_0_MinGW_64_bit-Debug/CMakeFiles/CMakeTmp

Run Build Command(s):E:/QT/Tools/Ninja/ninja.exe cmTC_263f7 && [1/2] Building CXX object CMakeFiles/cmTC_263f7.dir/src.cxx.obj
[2/2] Linking CXX executable cmTC_263f7.exe


Source file was:
#include <atomic>
#include <cstdint>

int main(int, char **)
{
    volatile std::atomic<char>    size_1;
    volatile std::atomic<short>   size_2;
    volatile std::atomic<int>     size_4;
    volatile std::atomic<int64_t> size_8;

    ++size_1;
    ++size_2;
    ++size_4;
    ++size_8;

    (void)size_1.load(std::memory_order_relaxed);
    (void)size_2.load(std::memory_order_relaxed);
    (void)size_4.load(std::memory_order_relaxed);
    (void)size_8.load(std::memory_order_relaxed);

    return 0;
}
